<?xml version="1.0" encoding="UTF-8"?>
<!-- Generated by org.testng.reporters.JUnitReportReporter -->
<testsuite hostname="DESKTOP-2N212PO" failures="0" tests="1" name="tests.pages.CreateUserAccountPage" time="7.295" errors="0" timestamp="2023-01-03T16:38:37 IST" skipped="0">
  <testcase classname="tests.pages.CreateUserAccountPage" name="CreateAccountWithPositiveData" time="7.295"/>
  <system-out/>
</testsuite> <!-- tests.pages.CreateUserAccountPage -->
