<?xml version="1.0" encoding="UTF-8"?>
<!-- Generated by org.testng.reporters.JUnitReportReporter -->
<testsuite hostname="DESKTOP-2N212PO" failures="0" tests="1" name="tests.pages.CreateUserAccountPage" time="7.958" errors="0" timestamp="2023-01-04T14:03:07 IST" skipped="0">
  <testcase classname="tests.pages.CreateUserAccountPage" name="CreateAccountWithPositiveData" time="7.958"/>
  <system-out/>
</testsuite> <!-- tests.pages.CreateUserAccountPage -->
