<?xml version="1.0" encoding="UTF-8"?>
<!-- Generated by org.testng.reporters.JUnitReportReporter -->
<testsuite hostname="DESKTOP-2N212PO" failures="0" tests="1" name="tests.pages.CreateUserAccountPage" time="8.324" errors="0" timestamp="2023-01-03T13:13:45 IST" skipped="0">
  <testcase classname="tests.pages.CreateUserAccountPage" name="CreateAccountWithPositiveData" time="8.324"/>
  <system-out/>
</testsuite> <!-- tests.pages.CreateUserAccountPage -->
